Build started 22/09/2014 11:43:24.
     1>Project "C:\Users\Marc\Desktop\2D_Game\2D_Game\2D_Game.vcxproj" on node 2 (build target(s)).
     1>InitializeBuildStatus:
         Touching "Release\2D_Game.unsuccessfulbuild".
       ClCompile:
         C:\Program Files (x86)\Microsoft Visual Studio 10.0\VC\bin\CL.exe /c /I"C:\Users\Marc\Desktop\2D_Game\SFML-2.1\include" /Zi /nologo /W3 /WX- /O2 /Oi /Oy- /GL /D SFML_STATIC /D _MBCS /D _MBCS /Gm- /EHsc /MD /GS /Gy /fp:precise /Zc:wchar_t /Zc:forScope /Fo"Release\\" /Fd"Release\vc100.pdb" /Gd /TP /analyze- /errorReport:prompt GameEngine.cpp
         GameEngine.cpp
       Link:
         C:\Program Files (x86)\Microsoft Visual Studio 10.0\VC\bin\link.exe /ERRORREPORT:PROMPT /OUT:"C:\Users\Marc\Desktop\2D_Game\Release\2D_Game.exe" /NOLOGO /LIBPATH:"C:\Users\Marc\Desktop\2D_Game\SFML-2.1\lib" "sfml-graphics.lib" "sfml-window.lib" "sfml-system.lib" "sfml-audio.lib" "sfml-graphics-s.lib" "sfml-window-s.lib" "sfml-system-s.lib" "sfml-audio-s.lib" kernel32.lib user32.lib gdi32.lib winspool.lib comdlg32.lib advapi32.lib shell32.lib ole32.lib oleaut32.lib uuid.lib odbc32.lib odbccp32.lib /MANIFEST /ManifestFile:"Release\2D_Game.exe.intermediate.manifest" /MANIFESTUAC:"level='asInvoker' uiAccess='false'" /DEBUG /PDB:"C:\Users\Marc\Desktop\2D_Game\Release\2D_Game.pdb" /OPT:REF /OPT:ICF /LTCG /TLBID:1 /DYNAMICBASE /NXCOMPAT /IMPLIB:"C:\Users\Marc\Desktop\2D_Game\Release\2D_Game.lib" /MACHINE:X86 Release\Ammo.obj
         Release\AUnit.obj
         Release\Bonus.obj
         Release\Bullet.obj
         Release\Case.obj
         Release\Coin.obj
         Release\Display.obj
         Release\Event.obj
         Release\GameEngine.obj
         Release\Graphic.obj
         Release\Item.obj
         Release\main.obj
         Release\Map.obj
         Release\PhysicEngine.obj
         Release\Player.obj
         Release\SoundEngine.obj
         Release\Spawner.obj
         Release\Spell.obj
         Release\Weapon.obj
         Generating code
         Finished generating code
         2D_Game.vcxproj -> C:\Users\Marc\Desktop\2D_Game\Release\2D_Game.exe
       Manifest:
         C:\Program Files (x86)\Microsoft SDKs\Windows\v7.0A\bin\mt.exe /nologo /verbose /outputresource:"C:\Users\Marc\Desktop\2D_Game\Release\2D_Game.exe;#1" /manifest Release\2D_Game.exe.intermediate.manifest
       FinalizeBuildStatus:
         Deleting file "Release\2D_Game.unsuccessfulbuild".
         Touching "Release\2D_Game.lastbuildstate".
     1>Done Building Project "C:\Users\Marc\Desktop\2D_Game\2D_Game\2D_Game.vcxproj" (build target(s)).

Build succeeded.

Time Elapsed 00:00:01.63
